<?xml version="1.0" encoding="UTF-8"?>
<!-- Generated by org.testng.reporters.JUnitReportReporter -->
<testsuite hostname="CDC2-D-4TZQX52" name="Sample" tests="1" failures="0" timestamp="17 Dec 2018 07:29:18 GMT" time="1.970" errors="0">
  <testcase name="f" time="1.970" classname="Sample"/>
</testsuite> <!-- Sample -->
